<?xml version="1.0" encoding="UTF-8"?>
<!-- Generated by org.testng.reporters.JUnitXMLReporter -->
<testsuite ignored="0" hostname="EDVAKPC-62" failures="0" tests="6" name="TestClasses" time="0.13" errors="0" timestamp="2024-09-19T14:12:22 IST">
  <testcase classname="com.Edvak_EHR_Automation_V1.testCases.BaseClass" name="@BeforeClass setup" time="-1.72673534279E9">
    <failure type="org.testng.TestNGException" message="
Parameter &amp;apos;browser&amp;apos; is required by BeforeClass on method setup but has not been marked @Optional or defined
in C:\Users\sksusari\git\ehr-webapp-automation\BillingFlow.xml">
      <![CDATA[org.testng.TestNGException: 
Parameter 'browser' is required by BeforeClass on method setup but has not been marked @Optional or defined
in C:\Users\sksusari\git\ehr-webapp-automation\BillingFlow.xml
at java.base/java.util.ArrayList.forEach(ArrayList.java:1511)
... Removed 22 stack frames]]>
    </failure>
  </testcase> <!-- @BeforeClass setup -->
  <testcase classname="com.Edvak_EHR_Automation_V1.testCases.BaseClass" name="@AfterMethod captureScreen" time="-1.726735342838E9">
    <skipped/>
  </testcase> <!-- @AfterMethod captureScreen -->
  <testcase classname="com.Edvak_EHR_Automation_V1.testCases.BaseClass" name="@AfterClass tearDown" time="-1.726735342859E9">
    <skipped/>
  </testcase> <!-- @AfterClass tearDown -->
  <testcase classname="com.Edvak_EHR_Automation_V1.testCases.BaseClass" name="@BeforeClass setup" time="-1.726735342862E9">
    <failure type="org.testng.TestNGException" message="
Parameter &amp;apos;browser&amp;apos; is required by BeforeClass on method setup but has not been marked @Optional or defined
in C:\Users\sksusari\git\ehr-webapp-automation\BillingFlow.xml">
      <![CDATA[org.testng.TestNGException: 
Parameter 'browser' is required by BeforeClass on method setup but has not been marked @Optional or defined
in C:\Users\sksusari\git\ehr-webapp-automation\BillingFlow.xml
at java.base/java.util.ArrayList.forEach(ArrayList.java:1511)
... Removed 22 stack frames]]>
    </failure>
  </testcase> <!-- @BeforeClass setup -->
  <testcase classname="com.Edvak_EHR_Automation_V1.testCases.TC_StatementReady" name="@BeforeClass setup" time="-1.726735342864E9">
    <skipped/>
  </testcase> <!-- @BeforeClass setup -->
  <testcase classname="com.Edvak_EHR_Automation_V1.testCases.BaseClass" name="@AfterMethod captureScreen" time="-1.726735342873E9">
    <skipped/>
  </testcase> <!-- @AfterMethod captureScreen -->
  <testcase classname="com.Edvak_EHR_Automation_V1.testCases.BaseClass" name="@AfterClass tearDown" time="-1.726735342891E9">
    <skipped/>
  </testcase> <!-- @AfterClass tearDown -->
  <testcase classname="com.Edvak_EHR_Automation_V1.testCases.TC_BillingGenerateClaims" name="testQuickRegistration" time="0.0">
    <skipped/>
  </testcase> <!-- testQuickRegistration -->
  <testcase classname="com.Edvak_EHR_Automation_V1.testCases.TC_BillingGenerateClaims" name="testBillingGenerateClaims" time="0.0">
    <skipped/>
  </testcase> <!-- testBillingGenerateClaims -->
  <testcase classname="com.Edvak_EHR_Automation_V1.testCases.TC_BillingGenerateClaims" name="verifyEncountersInManageClaims" time="0.0">
    <skipped/>
  </testcase> <!-- verifyEncountersInManageClaims -->
  <testcase classname="com.Edvak_EHR_Automation_V1.testCases.TC_StatementReady" name="testQuickRegistration" time="0.0">
    <skipped/>
  </testcase> <!-- testQuickRegistration -->
  <testcase classname="com.Edvak_EHR_Automation_V1.testCases.TC_ManageClaims" name="Filter" time="0.0">
    <skipped/>
  </testcase> <!-- Filter -->
  <testcase classname="com.Edvak_EHR_Automation_V1.testCases.TC_StatementReady" name="ManageClaims" time="0.0">
    <skipped/>
  </testcase> <!-- ManageClaims -->
</testsuite> <!-- TestClasses -->
